2022-04-12 21:16:37,079  INFO MarketDao:20 - ================loading==============
2022-04-12 21:16:37,201  INFO MarketDao:22 - ================加载完成==============
2022-04-12 21:16:37,205  INFO MarketService:35 - 接收到报文:find
2022-04-12 21:16:37,205  INFO MarketService:36 - 接收到信息:find
2022-04-12 21:16:37,207  INFO MarketService:134 - Service中查看请求,查看集合元素个数为:3
2022-04-12 21:17:04,249  INFO MarketService:35 - 接收到报文:1
2022-04-12 21:17:04,250  INFO MarketService:36 - 接收到信息:123=123
2022-04-12 21:17:14,620  INFO MarketService:35 - 接收到报文:find
2022-04-12 21:17:14,620  INFO MarketService:36 - 接收到信息:find
2022-04-12 21:17:14,620  INFO MarketService:134 - Service中查看请求,查看集合元素个数为:3
2022-04-12 21:17:26,575  INFO MarketService:35 - 接收到报文:id
2022-04-12 21:17:26,576  INFO MarketService:36 - 接收到信息:004
2022-04-12 21:17:26,576  INFO MarketService:98 - Service中接收到查询id是否存在,004号的索引为-1
2022-04-12 21:17:41,324  INFO MarketService:35 - 接收到报文:add
2022-04-12 21:17:41,325  INFO MarketService:36 - 接收到信息:004,西瓜,240,个,2
2022-04-12 21:17:41,330  INFO MarketDao:69 - dao中添加完成,集合中元素个数为:4
2022-04-12 21:17:41,339  INFO MarketService:151 - Service中添加请求,接收到:004,西瓜,240,个,2
2022-04-12 21:19:05,756  INFO MarketService:35 - 接收到报文:id
2022-04-12 21:19:05,758  INFO MarketService:36 - 接收到信息:005
2022-04-12 21:19:05,759  INFO MarketService:98 - Service中接收到查询id是否存在,005号的索引为-1
2022-04-12 21:19:26,644  INFO MarketService:35 - 接收到报文:id
2022-04-12 21:19:26,645  INFO MarketService:36 - 接收到信息:123
2022-04-12 21:19:26,645  INFO MarketService:98 - Service中接收到查询id是否存在,123号的索引为-1
2022-04-12 21:19:29,391  INFO MarketService:35 - 接收到报文:add
2022-04-12 21:19:29,396  INFO MarketService:36 - 接收到信息:123,123,123,123,123
2022-04-12 21:19:29,398  INFO MarketDao:69 - dao中添加完成,集合中元素个数为:5
2022-04-12 21:19:29,399  INFO MarketService:151 - Service中添加请求,接收到:123,123,123,123,123
2022-04-12 21:20:04,327  INFO MarketService:35 - 接收到报文:del
2022-04-12 21:20:04,329  INFO MarketService:36 - 接收到信息:123
2022-04-12 21:20:04,331  INFO MarketDao:88 - dao中成功删除水果,Id:123 索引为:4
2022-04-12 21:20:04,331  INFO MarketService:117 - Service中删除请求,id为123的水果,结果为:true
2022-04-12 22:06:48,513  INFO MarketDao:18 - ================loading==============
2022-04-12 22:06:48,646  INFO MarketDao:20 - ================加载完成==============
2022-04-12 22:06:48,652  INFO MarketService:39 - 接收到报文:FRUIT_FINDALL
2022-04-12 22:06:48,652  INFO MarketService:40 - 接收到信息:find
2022-04-12 22:06:48,656  INFO MarketService:138 - Service中查看,查看集合元素个数为:4
2022-04-12 22:06:59,588  INFO MarketService:39 - 接收到报文:FRUIT_FINDALL
2022-04-12 22:06:59,589  INFO MarketService:40 - 接收到信息:find
2022-04-12 22:06:59,589  INFO MarketService:138 - Service中查看,查看集合元素个数为:4
2022-04-12 22:06:59,591  INFO MarketService:39 - 接收到报文:FRUIT_FINDALL
2022-04-12 22:06:59,591  INFO MarketService:40 - 接收到信息:find
2022-04-12 22:06:59,591  INFO MarketService:138 - Service中查看,查看集合元素个数为:4
2022-04-12 22:07:13,977  INFO MarketService:39 - 接收到报文:FRUIT_FINDALL
2022-04-12 22:07:13,978  INFO MarketService:40 - 接收到信息:find
2022-04-12 22:07:13,978  INFO MarketService:138 - Service中查看,查看集合元素个数为:4
2022-04-12 22:07:17,284  INFO MarketService:39 - 接收到报文:FRUIT_BUY
2022-04-12 22:07:17,285  INFO MarketService:40 - 接收到信息:1,0,0,0,
2022-04-12 22:07:17,296  INFO MarketService:76 - Service中接受到更新库存请求,被买走的水果数量(依次):1,0,0,0,
2022-04-12 22:07:17,308  INFO MarketDao:145 - dao中水果库存更新完毕,水果个数为:4
2022-04-12 22:07:23,239  INFO MarketService:39 - 接收到报文:FRUIT_FINDALL
2022-04-12 22:07:23,240  INFO MarketService:40 - 接收到信息:find
2022-04-12 22:07:23,240  INFO MarketService:138 - Service中查看,查看集合元素个数为:4
2022-04-12 22:07:48,927  INFO MarketService:39 - 接收到报文:ADMIN_CHECK
2022-04-12 22:07:48,928  INFO MarketService:40 - 接收到信息:123=123
2022-04-12 22:07:59,920  INFO MarketService:39 - 接收到报文:FRUIT_DELETE
2022-04-12 22:07:59,920  INFO MarketService:40 - 接收到信息:1
2022-04-12 22:07:59,921  INFO MarketService:121 - Service中删除,id为1的水果,结果为:false
2022-04-12 22:53:49,375  INFO MarketDao:18 - ================loading==============
2022-04-12 22:53:49,498  INFO MarketDao:20 - ================加载完成==============
2022-04-12 22:53:49,504  INFO MarketService:39 - 接收到报文:FRUIT_FINDALL
2022-04-12 22:53:49,504  INFO MarketService:40 - 接收到信息:find
2022-04-12 22:53:49,509  INFO MarketService:139 - Service中查看,查看集合元素个数为:4
2022-04-12 22:54:33,857  INFO MarketDao:18 - ================loading==============
2022-04-12 22:54:33,975  INFO MarketDao:20 - ================加载完成==============
2022-04-12 22:54:33,980  INFO MarketService:39 - 接收到报文:FRUIT_FINDALL
2022-04-12 22:54:33,981  INFO MarketService:40 - 接收到信息:find
2022-04-12 22:54:33,986  INFO MarketService:139 - Service中查看,查看集合元素个数为:4
2022-04-12 22:55:42,642  INFO MarketService:39 - 接收到报文:FRUIT_FINDALL
2022-04-12 22:55:42,643  INFO MarketService:40 - 接收到信息:find
2022-04-12 22:55:42,643  INFO MarketService:139 - Service中查看,查看集合元素个数为:4
2022-04-12 22:55:42,647  INFO MarketService:39 - 接收到报文:FRUIT_FINDALL
2022-04-12 22:55:42,647  INFO MarketService:40 - 接收到信息:find
2022-04-12 22:55:42,648  INFO MarketService:139 - Service中查看,查看集合元素个数为:4
2022-04-12 22:56:18,700  INFO MarketService:39 - 接收到报文:FRUIT_FINDALL
2022-04-12 22:56:18,700  INFO MarketService:40 - 接收到信息:find
2022-04-12 22:56:18,701  INFO MarketService:139 - Service中查看,查看集合元素个数为:4
2022-04-12 22:56:26,614  INFO MarketService:39 - 接收到报文:FRUIT_FINDALL
2022-04-12 22:56:26,615  INFO MarketService:40 - 接收到信息:find
2022-04-12 22:56:26,618  INFO MarketService:139 - Service中查看,查看集合元素个数为:4
2022-04-12 22:56:26,621  INFO MarketService:39 - 接收到报文:FRUIT_FINDALL
2022-04-12 22:56:26,621  INFO MarketService:40 - 接收到信息:find
2022-04-12 22:56:26,621  INFO MarketService:139 - Service中查看,查看集合元素个数为:4
2022-04-12 22:56:43,391  INFO MarketService:39 - 接收到报文:FRUIT_BUY
2022-04-12 22:56:43,393  INFO MarketService:40 - 接收到信息:1,0,0,0,
2022-04-12 22:56:43,394  INFO MarketService:76 - Service中接受到更新库存请求,被买走的水果数量(依次):1,0,0,0,
2022-04-12 22:56:43,411  INFO MarketDao:153 - dao中水果库存更新完毕,水果个数为:4
2022-04-12 22:56:50,871  INFO MarketService:39 - 接收到报文:FRUIT_FINDALL
2022-04-12 22:56:50,873  INFO MarketService:40 - 接收到信息:find
2022-04-12 22:56:50,874  INFO MarketService:139 - Service中查看,查看集合元素个数为:4
2022-04-12 22:59:29,290  INFO MarketDao:18 - ================loading==============
2022-04-12 22:59:29,409  INFO MarketDao:20 - ================加载完成==============
2022-04-12 22:59:29,415  INFO MarketService:39 - 接收到报文:FRUIT_FINDALL
2022-04-12 22:59:29,415  INFO MarketService:40 - 接收到信息:find
2022-04-12 22:59:29,419  INFO MarketService:139 - Service中查看,查看集合元素个数为:4
2022-04-12 23:01:26,661  INFO MarketDao:18 - ================loading==============
2022-04-12 23:01:26,783  INFO MarketDao:20 - ================加载完成==============
2022-04-12 23:01:26,788  INFO MarketService:39 - 接收到报文:FRUIT_FINDALL
2022-04-12 23:01:26,788  INFO MarketService:40 - 接收到信息:find
2022-04-12 23:01:26,793  INFO MarketService:139 - Service中查看,查看集合元素个数为:4
2022-04-12 23:01:26,814  INFO MarketService:39 - 接收到报文:FRUIT_FINDALL
2022-04-12 23:01:26,814  INFO MarketService:40 - 接收到信息:find
2022-04-12 23:01:26,814  INFO MarketService:139 - Service中查看,查看集合元素个数为:4
2022-04-12 23:01:43,146  INFO MarketService:39 - 接收到报文:FRUIT_BUY
2022-04-12 23:01:43,147  INFO MarketService:40 - 接收到信息:0,0,5,0,
2022-04-12 23:01:43,147  INFO MarketService:76 - Service中接受到更新库存请求,被买走的水果数量(依次):0,0,5,0,
2022-04-12 23:01:43,165  INFO MarketDao:153 - dao中水果库存更新完毕,水果个数为:4
2022-04-12 23:01:52,559  INFO MarketService:39 - 接收到报文:FRUIT_FINDALL
2022-04-12 23:01:52,560  INFO MarketService:40 - 接收到信息:find
2022-04-12 23:01:52,560  INFO MarketService:139 - Service中查看,查看集合元素个数为:4
2022-04-12 23:11:51,347  INFO MarketDao:18 - ================loading==============
2022-04-12 23:11:51,473  INFO MarketDao:20 - ================加载完成==============
2022-04-12 23:11:51,479  INFO MarketService:39 - 接收到报文:FRUIT_FINDALL
2022-04-12 23:11:51,480  INFO MarketService:40 - 接收到信息:find
2022-04-12 23:11:51,484  INFO MarketService:139 - Service中查看,查看集合元素个数为:4
2022-04-12 23:12:01,184  INFO MarketService:39 - 接收到报文:FRUIT_FINDALL
2022-04-12 23:12:01,185  INFO MarketService:40 - 接收到信息:find
2022-04-12 23:12:01,185  INFO MarketService:139 - Service中查看,查看集合元素个数为:4
2022-04-12 23:12:08,632  INFO MarketService:39 - 接收到报文:FRUIT_FINDALL
2022-04-12 23:12:08,632  INFO MarketService:40 - 接收到信息:find
2022-04-12 23:12:08,633  INFO MarketService:139 - Service中查看,查看集合元素个数为:4
2022-04-12 23:12:15,003  INFO MarketService:39 - 接收到报文:FRUIT_FINDALL
2022-04-12 23:12:15,004  INFO MarketService:40 - 接收到信息:find
2022-04-12 23:12:15,004  INFO MarketService:139 - Service中查看,查看集合元素个数为:4
2022-04-12 23:15:42,737  INFO MarketDao:18 - ================loading==============
2022-04-12 23:15:42,854  INFO MarketDao:20 - ================加载完成==============
2022-04-12 23:15:42,859  INFO MarketService:39 - 接收到报文:FRUIT_FINDALL
2022-04-12 23:15:42,859  INFO MarketService:40 - 接收到信息:find
2022-04-12 23:15:42,863  INFO MarketService:139 - Service中查看,查看集合元素个数为:4
2022-04-12 23:15:52,999  INFO MarketService:39 - 接收到报文:FRUIT_FINDALL
2022-04-12 23:15:53,000  INFO MarketService:40 - 接收到信息:find
2022-04-12 23:15:53,000  INFO MarketService:139 - Service中查看,查看集合元素个数为:4
2022-04-12 23:15:56,867  INFO MarketService:39 - 接收到报文:FRUIT_FINDALL
2022-04-12 23:15:56,868  INFO MarketService:40 - 接收到信息:find
2022-04-12 23:15:56,868  INFO MarketService:139 - Service中查看,查看集合元素个数为:4
2022-04-12 23:15:56,872  INFO MarketService:39 - 接收到报文:FRUIT_FINDALL
2022-04-12 23:15:56,873  INFO MarketService:40 - 接收到信息:find
2022-04-12 23:15:56,873  INFO MarketService:139 - Service中查看,查看集合元素个数为:4
2022-04-12 23:16:15,730  INFO MarketService:39 - 接收到报文:FRUIT_BUY
2022-04-12 23:16:15,731  INFO MarketService:40 - 接收到信息:1,0,0,0,
2022-04-12 23:16:15,743  INFO MarketService:76 - Service中接受到更新库存请求,被买走的水果数量(依次):1,0,0,0,
2022-04-12 23:16:15,757  INFO MarketDao:153 - dao中水果库存更新完毕,水果个数为:4
2022-04-12 23:16:28,388  INFO MarketService:39 - 接收到报文:FRUIT_FINDALL
2022-04-12 23:16:28,388  INFO MarketService:40 - 接收到信息:find
2022-04-12 23:16:28,389  INFO MarketService:139 - Service中查看,查看集合元素个数为:4
2022-04-12 23:16:50,002  INFO MarketService:39 - 接收到报文:ADMIN_CHECK
2022-04-12 23:16:50,003  INFO MarketService:40 - 接收到信息:123=123
2022-04-12 23:16:51,539  INFO MarketService:39 - 接收到报文:FRUIT_FINDALL
2022-04-12 23:16:51,541  INFO MarketService:40 - 接收到信息:find
2022-04-12 23:16:51,541  INFO MarketService:139 - Service中查看,查看集合元素个数为:4
2022-04-12 23:17:35,299  INFO MarketService:39 - 接收到报文:FRUIT_FINDALL
2022-04-12 23:17:35,300  INFO MarketService:40 - 接收到信息:find
2022-04-12 23:17:35,301  INFO MarketService:139 - Service中查看,查看集合元素个数为:4
2022-04-12 23:17:50,482  INFO MarketService:39 - 接收到报文:ADMIN_CHECK
2022-04-12 23:17:50,483  INFO MarketService:40 - 接收到信息:123=123
2022-04-12 23:18:04,629  INFO MarketService:39 - 接收到报文:FRUIT_FINDALL
2022-04-12 23:18:04,630  INFO MarketService:40 - 接收到信息:find
2022-04-12 23:18:04,630  INFO MarketService:139 - Service中查看,查看集合元素个数为:4
2022-04-12 23:18:20,712  INFO MarketService:39 - 接收到报文:FRUIT_DELETE
2022-04-12 23:18:20,712  INFO MarketService:40 - 接收到信息:123
2022-04-12 23:18:20,713  INFO MarketService:122 - Service中删除,id为123的水果,结果为:false
2022-04-12 23:21:37,629  INFO MarketDao:18 - ================loading==============
2022-04-12 23:21:37,755  INFO MarketDao:20 - ================加载完成==============
2022-04-12 23:21:37,760  INFO MarketService:39 - 接收到报文:FRUIT_FINDALL
2022-04-12 23:21:37,760  INFO MarketService:40 - 接收到信息:find
2022-04-12 23:21:37,764  INFO MarketService:139 - Service中查看,查看集合元素个数为:4
2022-04-12 23:21:48,178  INFO MarketService:39 - 接收到报文:ADMIN_CHECK
2022-04-12 23:21:48,178  INFO MarketService:40 - 接收到信息:123=123
2022-04-12 23:21:57,818  INFO MarketService:39 - 接收到报文:FRUIT_FINDALL
2022-04-12 23:21:57,819  INFO MarketService:40 - 接收到信息:find
2022-04-12 23:21:57,819  INFO MarketService:139 - Service中查看,查看集合元素个数为:4
2022-04-12 23:22:12,923  INFO MarketService:39 - 接收到报文:FRUIT_FINDALL
2022-04-12 23:22:12,924  INFO MarketService:40 - 接收到信息:find
2022-04-12 23:22:12,925  INFO MarketService:139 - Service中查看,查看集合元素个数为:4
2022-04-12 23:22:29,532  INFO MarketService:39 - 接收到报文:FRUIT_FINDALL
2022-04-12 23:22:29,532  INFO MarketService:40 - 接收到信息:find
2022-04-12 23:22:29,534  INFO MarketService:139 - Service中查看,查看集合元素个数为:4
2022-04-12 23:22:34,680  INFO MarketService:39 - 接收到报文:FRUIT_FINDALL
2022-04-12 23:22:34,681  INFO MarketService:40 - 接收到信息:find
2022-04-12 23:22:34,681  INFO MarketService:139 - Service中查看,查看集合元素个数为:4
2022-04-12 23:41:43,480  INFO MarketDao:18 - ================loading==============
2022-04-12 23:41:43,605  INFO MarketDao:20 - ================加载完成==============
2022-04-12 23:41:43,611  INFO MarketService:39 - 接收到报文:FRUIT_FINDALL
2022-04-12 23:41:43,612  INFO MarketService:40 - 接收到信息:find
2022-04-12 23:41:43,617  INFO MarketService:139 - Service中查看,查看集合元素个数为:4
2022-04-12 23:41:51,317  INFO MarketService:39 - 接收到报文:FRUIT_FINDALL
2022-04-12 23:41:51,318  INFO MarketService:40 - 接收到信息:find
2022-04-12 23:41:51,318  INFO MarketService:139 - Service中查看,查看集合元素个数为:4
2022-04-12 23:42:06,040  INFO MarketService:39 - 接收到报文:FRUIT_FINDALL
2022-04-12 23:42:06,041  INFO MarketService:40 - 接收到信息:find
2022-04-12 23:42:06,041  INFO MarketService:139 - Service中查看,查看集合元素个数为:4
2022-04-12 23:42:08,035  INFO MarketService:39 - 接收到报文:FRUIT_FINDALL
2022-04-12 23:42:08,036  INFO MarketService:40 - 接收到信息:find
2022-04-12 23:42:08,036  INFO MarketService:139 - Service中查看,查看集合元素个数为:4
2022-04-12 23:42:08,041  INFO MarketService:39 - 接收到报文:FRUIT_FINDALL
2022-04-12 23:42:08,041  INFO MarketService:40 - 接收到信息:find
2022-04-12 23:42:08,050  INFO MarketService:139 - Service中查看,查看集合元素个数为:4
2022-04-12 23:42:37,314  INFO MarketService:39 - 接收到报文:FRUIT_BUY
2022-04-12 23:42:37,315  INFO MarketService:40 - 接收到信息:0,0,0,1,
2022-04-12 23:42:37,315  INFO MarketService:76 - Service中接受到更新库存请求,被买走的水果数量(依次):0,0,0,1,
2022-04-12 23:42:37,336  INFO MarketDao:153 - dao中水果库存更新完毕,水果个数为:4
2022-04-12 23:43:12,013  INFO MarketService:39 - 接收到报文:FRUIT_FINDALL
2022-04-12 23:43:12,013  INFO MarketService:40 - 接收到信息:find
2022-04-12 23:43:12,013  INFO MarketService:139 - Service中查看,查看集合元素个数为:4
2022-04-12 23:43:19,616  INFO MarketService:39 - 接收到报文:FRUIT_FINDALL
2022-04-12 23:43:19,617  INFO MarketService:40 - 接收到信息:find
2022-04-12 23:43:19,617  INFO MarketService:139 - Service中查看,查看集合元素个数为:4
2022-04-12 23:43:19,619  INFO MarketService:39 - 接收到报文:FRUIT_FINDALL
2022-04-12 23:43:19,619  INFO MarketService:40 - 接收到信息:find
2022-04-12 23:43:19,620  INFO MarketService:139 - Service中查看,查看集合元素个数为:4
2022-04-12 23:43:38,808  INFO MarketService:39 - 接收到报文:FRUIT_BUY
2022-04-12 23:43:38,809  INFO MarketService:40 - 接收到信息:1,0,0,0,
2022-04-12 23:43:38,809  INFO MarketService:76 - Service中接受到更新库存请求,被买走的水果数量(依次):1,0,0,0,
2022-04-12 23:43:38,812  INFO MarketDao:153 - dao中水果库存更新完毕,水果个数为:4
2022-04-12 23:43:42,759  INFO MarketService:39 - 接收到报文:FRUIT_FINDALL
2022-04-12 23:43:42,760  INFO MarketService:40 - 接收到信息:find
2022-04-12 23:43:42,760  INFO MarketService:139 - Service中查看,查看集合元素个数为:4
2022-04-12 23:44:18,850  INFO MarketDao:18 - ================loading==============
2022-04-12 23:44:18,969  INFO MarketDao:20 - ================加载完成==============
2022-04-12 23:44:18,975  INFO MarketService:39 - 接收到报文:FRUIT_FINDALL
2022-04-12 23:44:18,975  INFO MarketService:40 - 接收到信息:find
2022-04-12 23:44:18,980  INFO MarketService:139 - Service中查看,查看集合元素个数为:4
2022-04-12 23:44:19,002  INFO MarketService:39 - 接收到报文:FRUIT_FINDALL
2022-04-12 23:44:19,002  INFO MarketService:40 - 接收到信息:find
2022-04-12 23:44:19,002  INFO MarketService:139 - Service中查看,查看集合元素个数为:4
2022-04-12 23:44:39,935  INFO MarketService:39 - 接收到报文:FRUIT_BUY
2022-04-12 23:44:39,936  INFO MarketService:40 - 接收到信息:1,0,0,0,
2022-04-12 23:44:39,936  INFO MarketService:76 - Service中接受到更新库存请求,被买走的水果数量(依次):1,0,0,0,
2022-04-12 23:44:39,947  INFO MarketDao:153 - dao中水果库存更新完毕,水果个数为:4
2022-04-12 23:44:50,155  INFO MarketService:39 - 接收到报文:FRUIT_FINDALL
2022-04-12 23:44:50,155  INFO MarketService:40 - 接收到信息:find
2022-04-12 23:44:50,155  INFO MarketService:139 - Service中查看,查看集合元素个数为:4
2022-04-12 23:47:04,203  INFO MarketDao:18 - ================loading==============
2022-04-12 23:47:04,321  INFO MarketDao:20 - ================加载完成==============
2022-04-12 23:47:04,327  INFO MarketService:39 - 接收到报文:ADMIN_CHECK
2022-04-12 23:47:04,327  INFO MarketService:40 - 接收到信息:123=123
2022-04-12 23:47:29,050  INFO MarketService:39 - 接收到报文:FRUIT_FINDALL
2022-04-12 23:47:29,050  INFO MarketService:40 - 接收到信息:find
2022-04-12 23:47:29,051  INFO MarketService:139 - Service中查看,查看集合元素个数为:4
2022-04-12 23:48:04,624  INFO MarketService:39 - 接收到报文:FRUIT_CHECK_ID
2022-04-12 23:48:04,625  INFO MarketService:40 - 接收到信息:001
2022-04-12 23:48:04,625  INFO MarketService:102 - Service中查询id是否存在,001号的索引为2
2022-04-12 23:54:13,508  INFO MarketService:39 - 接收到报文:FRUIT_FINDALL
2022-04-12 23:54:13,510  INFO MarketService:40 - 接收到信息:find
2022-04-12 23:54:13,510  INFO MarketService:139 - Service中查看,查看集合元素个数为:4
2022-04-12 23:54:52,549  INFO MarketService:39 - 接收到报文:FRUIT_CHECK_ID
2022-04-12 23:54:52,550  INFO MarketService:40 - 接收到信息:004
2022-04-12 23:54:52,551  INFO MarketService:102 - Service中查询id是否存在,004号的索引为3
2022-04-12 23:55:05,153  INFO MarketService:39 - 接收到报文:FRUIT_UPDATE
2022-04-12 23:55:05,153  INFO MarketService:40 - 接收到信息:004,西瓜,240,个,5
2022-04-12 23:55:05,158  INFO MarketDao:127 - dao中成功更新水果:004,西瓜,240,个,5
2022-04-12 23:55:05,158  INFO MarketService:85 - Service中更新,水果方法接收到:004,西瓜,240,个,5
2022-04-12 23:55:06,800  INFO MarketService:39 - 接收到报文:FRUIT_FINDALL
2022-04-12 23:55:06,801  INFO MarketService:40 - 接收到信息:find
2022-04-12 23:55:06,802  INFO MarketService:139 - Service中查看,查看集合元素个数为:4
2022-04-13 00:00:59,426  INFO MarketDao:18 - ================loading==============
2022-04-13 00:00:59,539  INFO MarketDao:20 - ================加载完成==============
2022-04-13 00:00:59,544  INFO MarketService:39 - 接收到报文:ADMIN_CHECK
2022-04-13 00:00:59,545  INFO MarketService:40 - 接收到信息:123=123
2022-04-13 00:01:07,412  INFO MarketService:39 - 接收到报文:FRUIT_CHECK_ID
2022-04-13 00:01:07,414  INFO MarketService:40 - 接收到信息:0011
2022-04-13 00:01:07,414  INFO MarketService:102 - Service中查询id是否存在,0011号的索引为-1
2022-04-13 00:01:11,659  INFO MarketService:39 - 接收到报文:FRUIT_FINDALL
2022-04-13 00:01:11,659  INFO MarketService:40 - 接收到信息:find
2022-04-13 00:01:11,659  INFO MarketService:139 - Service中查看,查看集合元素个数为:4
2022-04-13 00:01:43,485  INFO MarketService:39 - 接收到报文:FRUIT_FINDALL
2022-04-13 00:01:43,486  INFO MarketService:40 - 接收到信息:find
2022-04-13 00:01:43,487  INFO MarketService:139 - Service中查看,查看集合元素个数为:4
2022-04-13 00:01:47,654  INFO MarketService:39 - 接收到报文:FRUIT_CHECK_ID
2022-04-13 00:01:47,655  INFO MarketService:40 - 接收到信息:004
2022-04-13 00:01:47,655  INFO MarketService:102 - Service中查询id是否存在,004号的索引为3
2022-04-13 00:02:01,778  INFO MarketService:39 - 接收到报文:FRUIT_UPDATE
2022-04-13 00:02:01,779  INFO MarketService:40 - 接收到信息:004,西瓜,240,个,12
2022-04-13 00:02:01,784  INFO MarketDao:127 - dao中成功更新水果:004,西瓜,240,个,12
2022-04-13 00:02:01,785  INFO MarketService:85 - Service中更新,水果方法接收到:004,西瓜,240,个,12
2022-04-13 00:02:56,356  INFO MarketService:39 - 接收到报文:ADMIN_CHECK
2022-04-13 00:02:56,357  INFO MarketService:40 - 接收到信息:123=123
2022-04-13 00:03:01,201  INFO MarketService:39 - 接收到报文:FRUIT_CHECK_ID
2022-04-13 00:03:01,203  INFO MarketService:40 - 接收到信息:004
2022-04-13 00:03:01,204  INFO MarketService:102 - Service中查询id是否存在,004号的索引为3
2022-04-13 00:03:11,344  INFO MarketService:39 - 接收到报文:FRUIT_UPDATE
2022-04-13 00:03:11,348  INFO MarketService:40 - 接收到信息:004,西瓜,240,个,12
2022-04-13 00:03:11,349  INFO MarketDao:127 - dao中成功更新水果:004,西瓜,240,个,12
2022-04-13 00:03:11,349  INFO MarketService:85 - Service中更新,水果方法接收到:004,西瓜,240,个,12
2022-04-13 00:04:17,256  INFO MarketService:39 - 接收到报文:FRUIT_CHECK_ID
2022-04-13 00:04:17,257  INFO MarketService:40 - 接收到信息:12314
2022-04-13 00:04:17,257  INFO MarketService:102 - Service中查询id是否存在,12314号的索引为-1
2022-04-13 00:10:59,528  INFO MarketService:39 - 接收到报文:ADMIN_CHECK
2022-04-13 00:10:59,530  INFO MarketService:40 - 接收到信息:123=123
2022-04-13 00:11:40,941  INFO MarketService:39 - 接收到报文:FRUIT_DELETE
2022-04-13 00:11:40,942  INFO MarketService:40 - 接收到信息:123123
2022-04-13 00:11:40,942  INFO MarketService:122 - Service中删除,id为123123的水果,结果为:false
2022-04-13 09:11:02,792  INFO MarketDao:18 - ================loading==============
2022-04-13 09:11:02,918  INFO MarketDao:20 - ================加载完成==============
2022-04-13 09:11:02,924  INFO MarketService:39 - 接收到报文:FRUIT_FINDALL
2022-04-13 09:11:02,924  INFO MarketService:40 - 接收到信息:find
2022-04-13 09:11:02,928  INFO MarketService:139 - Service中查看,查看集合元素个数为:4
2022-04-13 09:11:09,647  INFO MarketService:39 - 接收到报文:FRUIT_FINDALL
2022-04-13 09:11:09,647  INFO MarketService:40 - 接收到信息:find
2022-04-13 09:11:09,648  INFO MarketService:139 - Service中查看,查看集合元素个数为:4
2022-04-13 10:10:14,497  INFO MarketDao:18 - ================loading==============
2022-04-13 10:10:14,615  INFO MarketDao:20 - ================加载完成==============
2022-04-13 10:10:14,621  INFO MarketService:39 - 接收到报文:FRUIT_FINDALL
2022-04-13 10:10:14,621  INFO MarketService:40 - 接收到信息:find
2022-04-13 10:10:14,625  INFO MarketService:139 - Service中查看,查看集合元素个数为:4
2022-04-13 10:10:21,329  INFO MarketService:39 - 接收到报文:FRUIT_FINDALL
2022-04-13 10:10:21,329  INFO MarketService:40 - 接收到信息:find
2022-04-13 10:10:21,330  INFO MarketService:139 - Service中查看,查看集合元素个数为:4
2022-04-13 10:10:21,333  INFO MarketService:39 - 接收到报文:FRUIT_FINDALL
2022-04-13 10:10:21,333  INFO MarketService:40 - 接收到信息:find
2022-04-13 10:10:21,333  INFO MarketService:139 - Service中查看,查看集合元素个数为:4
2022-04-13 10:10:43,082  INFO MarketService:39 - 接收到报文:FRUIT_BUY
2022-04-13 10:10:43,083  INFO MarketService:40 - 接收到信息:0,0,0,3,
2022-04-13 10:10:43,083  INFO MarketService:76 - Service中接受到更新库存请求,被买走的水果数量(依次):0,0,0,3,
2022-04-13 10:10:43,098  INFO MarketDao:153 - dao中水果库存更新完毕,水果个数为:4
2022-04-13 10:13:53,667  INFO MarketService:39 - 接收到报文:FRUIT_FINDALL
2022-04-13 10:13:53,676  INFO MarketService:40 - 接收到信息:find
2022-04-13 10:13:53,676  INFO MarketService:139 - Service中查看,查看集合元素个数为:4
2022-04-13 10:14:21,478  INFO MarketService:39 - 接收到报文:FRUIT_FINDALL
2022-04-13 10:14:21,479  INFO MarketService:40 - 接收到信息:find
2022-04-13 10:14:21,479  INFO MarketService:139 - Service中查看,查看集合元素个数为:4
2022-04-13 10:14:21,481  INFO MarketService:39 - 接收到报文:FRUIT_FINDALL
2022-04-13 10:14:21,483  INFO MarketService:40 - 接收到信息:find
2022-04-13 10:14:21,483  INFO MarketService:139 - Service中查看,查看集合元素个数为:4
2022-04-13 10:14:35,601  INFO MarketService:39 - 接收到报文:FRUIT_BUY
2022-04-13 10:14:35,608  INFO MarketService:40 - 接收到信息:1,0,0,0,
2022-04-13 10:14:35,608  INFO MarketService:76 - Service中接受到更新库存请求,被买走的水果数量(依次):1,0,0,0,
2022-04-13 10:14:35,611  INFO MarketDao:153 - dao中水果库存更新完毕,水果个数为:4
2022-04-13 10:14:56,840  INFO MarketService:39 - 接收到报文:FRUIT_FINDALL
2022-04-13 10:14:56,840  INFO MarketService:40 - 接收到信息:find
2022-04-13 10:14:56,841  INFO MarketService:139 - Service中查看,查看集合元素个数为:4
2022-04-13 10:35:34,827  INFO MarketDao:18 - ================loading==============
2022-04-13 10:35:34,938  INFO MarketDao:20 - ================加载完成==============
2022-04-13 10:35:34,944  INFO MarketService:39 - 接收到报文:FRUIT_FINDALL
2022-04-13 10:35:34,944  INFO MarketService:40 - 接收到信息:find
2022-04-13 10:35:34,949  INFO MarketService:140 - Service中查看,查看集合元素个数为:4
2022-04-13 10:35:49,131  INFO MarketService:39 - 接收到报文:ADMIN_CHECK
2022-04-13 10:35:49,132  INFO MarketService:40 - 接收到信息:123=123
2022-04-13 10:36:07,721  INFO MarketService:39 - 接收到报文:FRUIT_CHECK_ID
2022-04-13 10:36:07,722  INFO MarketService:40 - 接收到信息:123123
2022-04-13 10:36:07,722  INFO MarketService:103 - Service中查询id是否存在,123123号的索引为-1
2022-04-13 10:36:34,769  INFO MarketService:39 - 接收到报文:FRUIT_DELETE
2022-04-13 10:36:34,770  INFO MarketService:40 - 接收到信息:123123
2022-04-13 10:36:34,770  INFO MarketService:123 - Service中删除,id为123123的水果,结果为:false
2022-04-13 11:11:26,134  INFO MarketDao:18 - ================loading==============
2022-04-13 11:11:26,255  INFO MarketDao:20 - ================加载完成==============
2022-04-13 11:11:26,260  INFO MarketService:39 - 接收到报文:FRUIT_FINDALL
2022-04-13 11:11:26,260  INFO MarketService:40 - 接收到信息:find
2022-04-13 11:11:26,264  INFO MarketService:140 - Service中查看,查看集合元素个数为:4
2022-04-13 11:11:34,534  INFO MarketService:39 - 接收到报文:FRUIT_FINDALL
2022-04-13 11:11:34,535  INFO MarketService:40 - 接收到信息:find
2022-04-13 11:11:34,535  INFO MarketService:140 - Service中查看,查看集合元素个数为:4
2022-04-13 11:11:39,106  INFO MarketService:39 - 接收到报文:FRUIT_FINDALL
2022-04-13 11:11:39,107  INFO MarketService:40 - 接收到信息:find
2022-04-13 11:11:39,107  INFO MarketService:140 - Service中查看,查看集合元素个数为:4
2022-04-13 11:11:50,483  INFO MarketService:39 - 接收到报文:ADMIN_CHECK
2022-04-13 11:11:50,484  INFO MarketService:40 - 接收到信息:123=123
2022-04-13 11:12:31,508  INFO MarketService:39 - 接收到报文:FRUIT_FINDALL
2022-04-13 11:12:31,510  INFO MarketService:40 - 接收到信息:find
2022-04-13 11:12:31,511  INFO MarketService:140 - Service中查看,查看集合元素个数为:4
2022-04-13 11:13:29,818  INFO MarketService:39 - 接收到报文:FRUIT_CHECK_ID
2022-04-13 11:13:29,819  INFO MarketService:40 - 接收到信息:005
2022-04-13 11:13:29,820  INFO MarketService:103 - Service中查询id是否存在,005号的索引为-1
2022-04-13 11:13:54,593  INFO MarketService:39 - 接收到报文:FRUIT_ADD
2022-04-13 11:13:54,595  INFO MarketService:40 - 接收到信息:005,草莓,210,g个,32
2022-04-13 11:13:54,599  INFO MarketDao:70 - dao中添加完成,集合中元素个数为:5
2022-04-13 11:13:54,599  INFO MarketService:157 - Service中添加:005,草莓,210,g个,32
2022-04-13 11:14:03,252  INFO MarketService:39 - 接收到报文:FRUIT_CHECK_ID
2022-04-13 11:14:03,254  INFO MarketService:40 - 接收到信息:005
2022-04-13 11:14:03,257  INFO MarketService:103 - Service中查询id是否存在,005号的索引为4
2022-04-13 11:14:11,860  INFO MarketService:39 - 接收到报文:FRUIT_UPDATE
2022-04-13 11:14:11,861  INFO MarketService:40 - 接收到信息:005,cm,12,12,12
2022-04-13 11:14:11,863  INFO MarketDao:127 - dao中成功更新水果:005,cm,12,12,12
2022-04-13 11:14:11,864  INFO MarketService:86 - Service中更新,水果方法接收到:005,cm,12,12,12
2022-04-13 11:14:46,076  INFO MarketService:39 - 接收到报文:FRUIT_CHECK_ID
2022-04-13 11:14:46,078  INFO MarketService:40 - 接收到信息:005
2022-04-13 11:14:46,078  INFO MarketService:103 - Service中查询id是否存在,005号的索引为4
2022-04-13 11:14:57,564  INFO MarketService:39 - 接收到报文:FRUIT_UPDATE
2022-04-13 11:14:57,564  INFO MarketService:40 - 接收到信息:005,草莓,210,个,34
2022-04-13 11:14:57,567  INFO MarketDao:127 - dao中成功更新水果:005,草莓,210,个,34
2022-04-13 11:14:57,567  INFO MarketService:86 - Service中更新,水果方法接收到:005,草莓,210,个,34
2022-04-13 11:15:05,239  INFO MarketService:39 - 接收到报文:FRUIT_FINDALL
2022-04-13 11:15:05,239  INFO MarketService:40 - 接收到信息:find
2022-04-13 11:15:05,239  INFO MarketService:140 - Service中查看,查看集合元素个数为:5
2022-04-13 11:15:48,045  INFO MarketService:39 - 接收到报文:FRUIT_CHECK_ID
2022-04-13 11:15:48,047  INFO MarketService:40 - 接收到信息:006
2022-04-13 11:15:48,048  INFO MarketService:103 - Service中查询id是否存在,006号的索引为-1
2022-04-13 11:16:07,092  INFO MarketService:39 - 接收到报文:FRUIT_ADD
2022-04-13 11:16:07,093  INFO MarketService:40 - 接收到信息:006,榴莲,28,个,80
2022-04-13 11:16:07,095  INFO MarketDao:70 - dao中添加完成,集合中元素个数为:6
2022-04-13 11:16:07,096  INFO MarketService:157 - Service中添加:006,榴莲,28,个,80
2022-04-13 11:16:09,804  INFO MarketService:39 - 接收到报文:FRUIT_FINDALL
2022-04-13 11:16:09,806  INFO MarketService:40 - 接收到信息:find
2022-04-13 11:16:09,806  INFO MarketService:140 - Service中查看,查看集合元素个数为:6
2022-04-13 11:16:35,679  INFO MarketService:39 - 接收到报文:FRUIT_FINDALL
2022-04-13 11:16:35,679  INFO MarketService:40 - 接收到信息:find
2022-04-13 11:16:35,679  INFO MarketService:140 - Service中查看,查看集合元素个数为:6
2022-04-13 11:19:03,550  INFO MarketService:39 - 接收到报文:FRUIT_FINDALL
2022-04-13 11:19:03,553  INFO MarketService:40 - 接收到信息:find
2022-04-13 11:19:03,553  INFO MarketService:140 - Service中查看,查看集合元素个数为:6
2022-04-13 11:19:59,664  INFO MarketService:39 - 接收到报文:FRUIT_FINDALL
2022-04-13 11:19:59,665  INFO MarketService:40 - 接收到信息:find
2022-04-13 11:19:59,666  INFO MarketService:140 - Service中查看,查看集合元素个数为:6
2022-04-13 11:23:32,005  INFO MarketDao:18 - ================loading==============
2022-04-13 11:23:32,117  INFO MarketDao:20 - ================加载完成==============
2022-04-13 11:23:32,123  INFO MarketService:39 - 接收到报文:ADMIN_CHECK
2022-04-13 11:23:32,123  INFO MarketService:40 - 接收到信息:123=123
2022-04-13 11:23:39,566  INFO MarketService:39 - 接收到报文:FRUIT_CHECK_ID
2022-04-13 11:23:39,568  INFO MarketService:40 - 接收到信息:007
2022-04-13 11:23:39,568  INFO MarketService:103 - Service中查询id是否存在,007号的索引为-1
2022-04-13 11:24:30,417  INFO MarketService:39 - 接收到报文:FRUIT_ADD
2022-04-13 11:24:30,417  INFO MarketService:40 - 接收到信息:007,椰子,243,个,500
2022-04-13 11:24:30,426  INFO MarketDao:70 - dao中添加完成,集合中元素个数为:7
2022-04-13 11:24:30,427  INFO MarketService:157 - Service中添加:007,椰子,243,个,500
2022-04-13 11:24:32,820  INFO MarketService:39 - 接收到报文:FRUIT_FINDALL
2022-04-13 11:24:32,821  INFO MarketService:40 - 接收到信息:find
2022-04-13 11:24:32,821  INFO MarketService:140 - Service中查看,查看集合元素个数为:7
2022-04-13 11:25:02,746  INFO MarketService:39 - 接收到报文:FRUIT_FINDALL
2022-04-13 11:25:02,747  INFO MarketService:40 - 接收到信息:find
2022-04-13 11:25:02,753  INFO MarketService:140 - Service中查看,查看集合元素个数为:7
2022-04-13 11:25:02,756  INFO MarketService:39 - 接收到报文:FRUIT_FINDALL
2022-04-13 11:25:02,756  INFO MarketService:40 - 接收到信息:find
2022-04-13 11:25:02,756  INFO MarketService:140 - Service中查看,查看集合元素个数为:7
2022-04-13 11:25:33,164  INFO MarketService:39 - 接收到报文:FRUIT_BUY
2022-04-13 11:25:33,166  INFO MarketService:40 - 接收到信息:0,0,0,0,0,0,500,
2022-04-13 11:25:33,166  INFO MarketService:77 - Service中接受到更新库存请求,被买走的水果数量(依次):0,0,0,0,0,0,500,
2022-04-13 11:25:33,185  INFO MarketDao:153 - dao中水果库存更新完毕,水果个数为:6
2022-04-13 11:25:58,940  INFO MarketService:39 - 接收到报文:FRUIT_FINDALL
2022-04-13 11:25:58,941  INFO MarketService:40 - 接收到信息:find
2022-04-13 11:25:58,941  INFO MarketService:140 - Service中查看,查看集合元素个数为:6
2022-04-13 11:26:03,395  INFO MarketService:39 - 接收到报文:FRUIT_FINDALL
2022-04-13 11:26:03,395  INFO MarketService:40 - 接收到信息:find
2022-04-13 11:26:03,396  INFO MarketService:140 - Service中查看,查看集合元素个数为:6
2022-04-13 11:26:03,400  INFO MarketService:39 - 接收到报文:FRUIT_FINDALL
2022-04-13 11:26:03,400  INFO MarketService:40 - 接收到信息:find
2022-04-13 11:26:03,400  INFO MarketService:140 - Service中查看,查看集合元素个数为:6
2022-04-13 11:26:17,463  INFO MarketService:39 - 接收到报文:FRUIT_BUY
2022-04-13 11:26:17,465  INFO MarketService:40 - 接收到信息:0,0,0,0,0,0,
2022-04-13 11:26:17,465  INFO MarketService:77 - Service中接受到更新库存请求,被买走的水果数量(依次):0,0,0,0,0,0,
2022-04-13 11:26:17,467  INFO MarketDao:153 - dao中水果库存更新完毕,水果个数为:6
2022-04-13 11:26:36,445  INFO MarketService:39 - 接收到报文:ADMIN_CHECK
2022-04-13 11:26:36,445  INFO MarketService:40 - 接收到信息:123=123
2022-04-13 11:26:38,583  INFO MarketService:39 - 接收到报文:FRUIT_FINDALL
2022-04-13 11:26:38,583  INFO MarketService:40 - 接收到信息:find
2022-04-13 11:26:38,583  INFO MarketService:140 - Service中查看,查看集合元素个数为:6
2022-04-13 11:29:25,311  INFO MarketService:39 - 接收到报文:FRUIT_FINDALL
2022-04-13 11:29:25,312  INFO MarketService:40 - 接收到信息:find
2022-04-13 11:29:25,312  INFO MarketService:140 - Service中查看,查看集合元素个数为:6
2022-04-13 11:29:25,421  INFO MarketService:39 - 接收到报文:FRUIT_FINDALL
2022-04-13 11:29:25,421  INFO MarketService:40 - 接收到信息:find
2022-04-13 11:29:25,421  INFO MarketService:140 - Service中查看,查看集合元素个数为:6
2022-04-13 11:29:35,939  INFO MarketService:39 - 接收到报文:FRUIT_BUY
2022-04-13 11:29:35,942  INFO MarketService:40 - 接收到信息:0,0,0,0,0,0,
2022-04-13 11:29:35,942  INFO MarketService:77 - Service中接受到更新库存请求,被买走的水果数量(依次):0,0,0,0,0,0,
2022-04-13 11:29:35,945  INFO MarketDao:153 - dao中水果库存更新完毕,水果个数为:6
2022-04-13 14:23:33,474  INFO MarketDao:18 - ================loading==============
2022-04-13 14:23:33,596  INFO MarketDao:20 - ================加载完成==============
2022-04-13 14:23:33,602  INFO MarketService:39 - 接收到报文:FRUIT_FINDALL
2022-04-13 14:23:33,602  INFO MarketService:40 - 接收到信息:find
2022-04-13 14:23:33,607  INFO MarketService:140 - Service中查看,查看集合元素个数为:6
2022-04-13 14:23:42,803  INFO MarketService:39 - 接收到报文:FRUIT_FINDALL
2022-04-13 14:23:42,803  INFO MarketService:40 - 接收到信息:find
2022-04-13 14:23:42,804  INFO MarketService:140 - Service中查看,查看集合元素个数为:6
2022-04-13 14:23:51,148  INFO MarketService:39 - 接收到报文:FRUIT_FINDALL
2022-04-13 14:23:51,149  INFO MarketService:40 - 接收到信息:find
2022-04-13 14:23:51,149  INFO MarketService:140 - Service中查看,查看集合元素个数为:6
2022-04-13 14:23:54,620  INFO MarketService:39 - 接收到报文:FRUIT_FINDALL
2022-04-13 14:23:54,621  INFO MarketService:40 - 接收到信息:find
2022-04-13 14:23:54,621  INFO MarketService:140 - Service中查看,查看集合元素个数为:6
2022-04-13 14:23:54,627  INFO MarketService:39 - 接收到报文:FRUIT_FINDALL
2022-04-13 14:23:54,627  INFO MarketService:40 - 接收到信息:find
2022-04-13 14:23:54,632  INFO MarketService:140 - Service中查看,查看集合元素个数为:6
2022-04-13 14:24:26,941  INFO MarketService:39 - 接收到报文:FRUIT_BUY
2022-04-13 14:24:26,943  INFO MarketService:40 - 接收到信息:1,0,0,0,0,0,
2022-04-13 14:24:26,943  INFO MarketService:77 - Service中接受到更新库存请求,被买走的水果数量(依次):1,0,0,0,0,0,
2022-04-13 14:24:26,964  INFO MarketDao:153 - dao中水果库存更新完毕,水果个数为:6
2022-04-13 14:24:56,873  INFO MarketService:39 - 接收到报文:FRUIT_FINDALL
2022-04-13 14:24:56,874  INFO MarketService:40 - 接收到信息:find
2022-04-13 14:24:56,874  INFO MarketService:140 - Service中查看,查看集合元素个数为:6
2022-04-13 14:25:04,767  INFO MarketService:39 - 接收到报文:ADMIN_CHECK
2022-04-13 14:25:04,769  INFO MarketService:40 - 接收到信息:123=123
2022-04-13 14:25:10,611  INFO MarketService:39 - 接收到报文:FRUIT_FINDALL
2022-04-13 14:25:10,612  INFO MarketService:40 - 接收到信息:find
2022-04-13 14:25:10,612  INFO MarketService:140 - Service中查看,查看集合元素个数为:6
2022-04-13 14:25:24,539  INFO MarketService:39 - 接收到报文:FRUIT_CHECK_ID
2022-04-13 14:25:24,539  INFO MarketService:40 - 接收到信息:123123
2022-04-13 14:25:24,540  INFO MarketService:103 - Service中查询id是否存在,123123号的索引为-1
2022-04-13 14:25:45,373  INFO MarketService:39 - 接收到报文:FRUIT_DELETE
2022-04-13 14:25:45,374  INFO MarketService:40 - 接收到信息:123123
2022-04-13 14:25:45,374  INFO MarketService:123 - Service中删除,id为123123的水果,结果为:false
2022-04-13 15:09:52,798  INFO MarketDao:18 - ================loading==============
2022-04-13 15:09:52,923  INFO MarketDao:20 - ================加载完成==============
2022-04-13 15:09:52,929  INFO MarketService:39 - 接收到报文:ADMIN_CHECK
2022-04-13 15:09:52,929  INFO MarketService:40 - 接收到信息:123=123
2022-04-13 15:10:03,344  INFO MarketService:39 - 接收到报文:FRUIT_FINDALL
2022-04-13 15:10:03,345  INFO MarketService:40 - 接收到信息:find
2022-04-13 15:10:03,345  INFO MarketService:140 - Service中查看,查看集合元素个数为:6
2022-04-13 15:10:14,032  INFO MarketService:39 - 接收到报文:FRUIT_FINDALL
2022-04-13 15:10:14,033  INFO MarketService:40 - 接收到信息:find
2022-04-13 15:10:14,033  INFO MarketService:140 - Service中查看,查看集合元素个数为:6
2022-04-13 15:10:18,000  INFO MarketService:39 - 接收到报文:FRUIT_FINDALL
2022-04-13 15:10:18,001  INFO MarketService:40 - 接收到信息:find
2022-04-13 15:10:18,001  INFO MarketService:140 - Service中查看,查看集合元素个数为:6
2022-04-13 15:10:28,335  INFO MarketService:39 - 接收到报文:FRUIT_CHECK_ID
2022-04-13 15:10:28,336  INFO MarketService:40 - 接收到信息:001
2022-04-13 15:10:28,336  INFO MarketService:103 - Service中查询id是否存在,001号的索引为2
2022-04-13 15:10:52,523  INFO MarketService:39 - 接收到报文:FRUIT_CHECK_ID
2022-04-13 15:10:52,524  INFO MarketService:40 - 接收到信息:007
2022-04-13 15:10:52,524  INFO MarketService:103 - Service中查询id是否存在,007号的索引为-1
2022-04-13 15:11:27,204  INFO MarketService:39 - 接收到报文:FRUIT_ADD
2022-04-13 15:11:27,205  INFO MarketService:40 - 接收到信息:007,葡萄,5,个,23
2022-04-13 15:11:27,209  INFO MarketDao:70 - dao中添加完成,集合中元素个数为:7
2022-04-13 15:11:27,210  INFO MarketService:157 - Service中添加:007,葡萄,5,个,23
2022-04-13 15:11:28,479  INFO MarketService:39 - 接收到报文:FRUIT_FINDALL
2022-04-13 15:11:28,484  INFO MarketService:40 - 接收到信息:find
2022-04-13 15:11:28,485  INFO MarketService:140 - Service中查看,查看集合元素个数为:7
2022-04-13 15:11:38,648  INFO MarketService:39 - 接收到报文:FRUIT_FINDALL
2022-04-13 15:11:38,649  INFO MarketService:40 - 接收到信息:find
2022-04-13 15:11:38,649  INFO MarketService:140 - Service中查看,查看集合元素个数为:7
2022-04-13 15:11:45,821  INFO MarketService:39 - 接收到报文:FRUIT_FINDALL
2022-04-13 15:11:45,822  INFO MarketService:40 - 接收到信息:find
2022-04-13 15:11:45,822  INFO MarketService:140 - Service中查看,查看集合元素个数为:7
2022-04-13 15:11:53,879  INFO MarketService:39 - 接收到报文:FRUIT_CHECK_ID
2022-04-13 15:11:53,880  INFO MarketService:40 - 接收到信息:000
2022-04-13 15:11:53,880  INFO MarketService:103 - Service中查询id是否存在,000号的索引为-1
2022-04-13 15:12:14,101  INFO MarketService:39 - 接收到报文:FRUIT_DELETE
2022-04-13 15:12:14,101  INFO MarketService:40 - 接收到信息:0000
2022-04-13 15:12:14,101  INFO MarketService:123 - Service中删除,id为0000的水果,结果为:false
2022-04-13 15:12:19,962  INFO MarketService:39 - 接收到报文:FRUIT_CHECK_ID
2022-04-13 15:12:19,962  INFO MarketService:40 - 接收到信息:007
2022-04-13 15:12:19,963  INFO MarketService:103 - Service中查询id是否存在,007号的索引为6
2022-04-13 15:12:32,891  INFO MarketService:39 - 接收到报文:FRUIT_UPDATE
2022-04-13 15:12:32,891  INFO MarketService:40 - 接收到信息:007,葡萄,7,个,12
2022-04-13 15:12:32,893  INFO MarketDao:127 - dao中成功更新水果:007,葡萄,7,个,12
2022-04-13 15:12:32,894  INFO MarketService:86 - Service中更新,水果方法接收到:007,葡萄,7,个,12
2022-04-13 15:13:04,456  INFO MarketService:39 - 接收到报文:FRUIT_FINDALL
2022-04-13 15:13:04,456  INFO MarketService:40 - 接收到信息:find
2022-04-13 15:13:04,457  INFO MarketService:140 - Service中查看,查看集合元素个数为:7
2022-04-13 15:13:36,075  INFO MarketService:39 - 接收到报文:FRUIT_DELETE
2022-04-13 15:13:36,077  INFO MarketService:40 - 接收到信息:007
2022-04-13 15:13:36,081  INFO MarketDao:89 - dao中成功删除水果,Id:007 索引为:6
2022-04-13 15:13:36,081  INFO MarketService:123 - Service中删除,id为007的水果,结果为:true
2022-04-13 15:13:37,817  INFO MarketService:39 - 接收到报文:FRUIT_FINDALL
2022-04-13 15:13:37,818  INFO MarketService:40 - 接收到信息:find
2022-04-13 15:13:37,818  INFO MarketService:140 - Service中查看,查看集合元素个数为:6
2022-04-13 15:13:51,984  INFO MarketService:39 - 接收到报文:FRUIT_CHECK_ID
2022-04-13 15:13:51,985  INFO MarketService:40 - 接收到信息:007
2022-04-13 15:13:51,985  INFO MarketService:103 - Service中查询id是否存在,007号的索引为-1
2022-04-13 15:14:18,735  INFO MarketService:39 - 接收到报文:FRUIT_ADD
2022-04-13 15:14:18,736  INFO MarketService:40 - 接收到信息:007,葡萄,23,个,23
2022-04-13 15:14:18,738  INFO MarketDao:70 - dao中添加完成,集合中元素个数为:7
2022-04-13 15:14:18,738  INFO MarketService:157 - Service中添加:007,葡萄,23,个,23
2022-04-13 15:14:35,529  INFO MarketService:39 - 接收到报文:FRUIT_FINDALL
2022-04-13 15:14:35,530  INFO MarketService:40 - 接收到信息:find
2022-04-13 15:14:35,530  INFO MarketService:140 - Service中查看,查看集合元素个数为:7
2022-04-13 15:14:47,483  INFO MarketService:39 - 接收到报文:FRUIT_CHECK_ID
2022-04-13 15:14:47,484  INFO MarketService:40 - 接收到信息:009
2022-04-13 15:14:47,484  INFO MarketService:103 - Service中查询id是否存在,009号的索引为-1
2022-04-13 15:15:04,561  INFO MarketService:39 - 接收到报文:FRUIT_CHECK_ID
2022-04-13 15:15:04,561  INFO MarketService:40 - 接收到信息:007
2022-04-13 15:15:04,562  INFO MarketService:103 - Service中查询id是否存在,007号的索引为6
2022-04-13 15:15:15,544  INFO MarketService:39 - 接收到报文:FRUIT_UPDATE
2022-04-13 15:15:15,544  INFO MarketService:40 - 接收到信息:007,0000n,12,12,12
2022-04-13 15:15:15,547  INFO MarketDao:127 - dao中成功更新水果:007,0000n,12,12,12
2022-04-13 15:15:15,547  INFO MarketService:86 - Service中更新,水果方法接收到:007,0000n,12,12,12
2022-04-13 15:15:29,010  INFO MarketService:39 - 接收到报文:FRUIT_DELETE
2022-04-13 15:15:29,011  INFO MarketService:40 - 接收到信息:007
2022-04-13 15:15:29,015  INFO MarketDao:89 - dao中成功删除水果,Id:007 索引为:6
2022-04-13 15:15:29,016  INFO MarketService:123 - Service中删除,id为007的水果,结果为:true
2022-04-13 15:15:33,189  INFO MarketService:39 - 接收到报文:FRUIT_CHECK_ID
2022-04-13 15:15:33,190  INFO MarketService:40 - 接收到信息:007
2022-04-13 15:15:33,190  INFO MarketService:103 - Service中查询id是否存在,007号的索引为-1
2022-04-13 15:16:03,552  INFO MarketService:39 - 接收到报文:FRUIT_ADD
2022-04-13 15:16:03,553  INFO MarketService:40 - 接收到信息:007,葡萄,23,23,23
2022-04-13 15:16:03,557  INFO MarketDao:70 - dao中添加完成,集合中元素个数为:7
2022-04-13 15:16:03,558  INFO MarketService:157 - Service中添加:007,葡萄,23,23,23
2022-04-13 15:16:05,484  INFO MarketService:39 - 接收到报文:FRUIT_FINDALL
2022-04-13 15:16:05,484  INFO MarketService:40 - 接收到信息:find
2022-04-13 15:16:05,485  INFO MarketService:140 - Service中查看,查看集合元素个数为:7
2022-04-13 15:16:21,827  INFO MarketService:39 - 接收到报文:FRUIT_DELETE
2022-04-13 15:16:21,827  INFO MarketService:40 - 接收到信息:007
2022-04-13 15:16:21,832  INFO MarketDao:89 - dao中成功删除水果,Id:007 索引为:6
2022-04-13 15:16:21,833  INFO MarketService:123 - Service中删除,id为007的水果,结果为:true
2022-04-13 15:16:41,915  INFO MarketService:39 - 接收到报文:FRUIT_FINDALL
2022-04-13 15:16:41,916  INFO MarketService:40 - 接收到信息:find
2022-04-13 15:16:41,916  INFO MarketService:140 - Service中查看,查看集合元素个数为:6
2022-04-13 15:16:47,526  INFO MarketService:39 - 接收到报文:FRUIT_FINDALL
2022-04-13 15:16:47,529  INFO MarketService:40 - 接收到信息:find
2022-04-13 15:16:47,529  INFO MarketService:140 - Service中查看,查看集合元素个数为:6
2022-04-13 15:16:47,534  INFO MarketService:39 - 接收到报文:FRUIT_FINDALL
2022-04-13 15:16:47,534  INFO MarketService:40 - 接收到信息:find
2022-04-13 15:16:47,534  INFO MarketService:140 - Service中查看,查看集合元素个数为:6
2022-04-13 15:17:23,175  INFO MarketService:39 - 接收到报文:FRUIT_BUY
2022-04-13 15:17:23,176  INFO MarketService:40 - 接收到信息:0,0,0,0,0,0,
2022-04-13 15:17:23,176  INFO MarketService:77 - Service中接受到更新库存请求,被买走的水果数量(依次):0,0,0,0,0,0,
2022-04-13 15:17:23,195  INFO MarketDao:153 - dao中水果库存更新完毕,水果个数为:6
2022-04-13 15:17:39,859  INFO MarketService:39 - 接收到报文:ADMIN_CHECK
2022-04-13 15:17:39,859  INFO MarketService:40 - 接收到信息:123=123
2022-04-13 15:17:52,426  INFO MarketService:39 - 接收到报文:FRUIT_FINDALL
2022-04-13 15:17:52,427  INFO MarketService:40 - 接收到信息:find
2022-04-13 15:17:52,427  INFO MarketService:140 - Service中查看,查看集合元素个数为:6
2022-04-13 15:18:04,562  INFO MarketService:39 - 接收到报文:FRUIT_DELETE
2022-04-13 15:18:04,565  INFO MarketService:40 - 接收到信息:006
2022-04-13 15:18:04,569  INFO MarketDao:89 - dao中成功删除水果,Id:006 索引为:5
2022-04-13 15:18:04,569  INFO MarketService:123 - Service中删除,id为006的水果,结果为:true
2022-04-13 15:18:05,953  INFO MarketService:39 - 接收到报文:FRUIT_FINDALL
2022-04-13 15:18:05,953  INFO MarketService:40 - 接收到信息:find
2022-04-13 15:18:05,953  INFO MarketService:140 - Service中查看,查看集合元素个数为:5
2022-04-13 16:03:32,721  INFO MarketDao:18 - ================loading==============
2022-04-13 16:03:32,854  INFO MarketDao:20 - ================加载完成==============
2022-04-13 16:03:32,860  INFO MarketService:39 - 接收到报文:ADMIN_CHECK
2022-04-13 16:03:32,860  INFO MarketService:40 - 接收到信息:12314=21312
2022-04-13 16:03:42,369  INFO MarketService:39 - 接收到报文:ADMIN_CHECK
2022-04-13 16:03:42,370  INFO MarketService:40 - 接收到信息:123=123
2022-04-13 16:03:49,748  INFO MarketService:39 - 接收到报文:FRUIT_FINDALL
2022-04-13 16:03:49,748  INFO MarketService:40 - 接收到信息:find
2022-04-13 16:03:49,748  INFO MarketService:140 - Service中查看,查看集合元素个数为:5
2022-04-13 16:03:58,535  INFO MarketService:39 - 接收到报文:FRUIT_FINDALL
2022-04-13 16:03:58,535  INFO MarketService:40 - 接收到信息:find
2022-04-13 16:03:58,535  INFO MarketService:140 - Service中查看,查看集合元素个数为:5
2022-04-13 16:04:21,920  INFO MarketService:39 - 接收到报文:FRUIT_FINDALL
2022-04-13 16:04:21,921  INFO MarketService:40 - 接收到信息:find
2022-04-13 16:04:21,921  INFO MarketService:140 - Service中查看,查看集合元素个数为:5
2022-04-13 16:04:31,751  INFO MarketService:39 - 接收到报文:FRUIT_CHECK_ID
2022-04-13 16:04:31,758  INFO MarketService:40 - 接收到信息:001
2022-04-13 16:04:31,759  INFO MarketService:103 - Service中查询id是否存在,001号的索引为2
2022-04-13 16:04:38,555  INFO MarketService:39 - 接收到报文:FRUIT_CHECK_ID
2022-04-13 16:04:38,556  INFO MarketService:40 - 接收到信息:007
2022-04-13 16:04:38,556  INFO MarketService:103 - Service中查询id是否存在,007号的索引为-1
2022-04-13 16:04:48,483  INFO MarketService:39 - 接收到报文:FRUIT_ADD
2022-04-13 16:04:48,484  INFO MarketService:40 - 接收到信息:007,pt,23,个,23
2022-04-13 16:04:48,487  INFO MarketDao:70 - dao中添加完成,集合中元素个数为:6
2022-04-13 16:04:48,490  INFO MarketService:157 - Service中添加:007,pt,23,个,23
2022-04-13 16:04:50,019  INFO MarketService:39 - 接收到报文:FRUIT_FINDALL
2022-04-13 16:04:50,020  INFO MarketService:40 - 接收到信息:find
2022-04-13 16:04:50,020  INFO MarketService:140 - Service中查看,查看集合元素个数为:6
2022-04-13 16:04:59,810  INFO MarketService:39 - 接收到报文:FRUIT_CHECK_ID
2022-04-13 16:04:59,810  INFO MarketService:40 - 接收到信息:007
2022-04-13 16:04:59,810  INFO MarketService:103 - Service中查询id是否存在,007号的索引为5
2022-04-13 16:05:09,240  INFO MarketService:39 - 接收到报文:FRUIT_UPDATE
2022-04-13 16:05:09,241  INFO MarketService:40 - 接收到信息:007,葡萄,23,个,23
2022-04-13 16:05:09,242  INFO MarketDao:127 - dao中成功更新水果:007,葡萄,23,个,23
2022-04-13 16:05:09,243  INFO MarketService:86 - Service中更新,水果方法接收到:007,葡萄,23,个,23
2022-04-13 16:05:10,361  INFO MarketService:39 - 接收到报文:FRUIT_FINDALL
2022-04-13 16:05:10,361  INFO MarketService:40 - 接收到信息:find
2022-04-13 16:05:10,361  INFO MarketService:140 - Service中查看,查看集合元素个数为:6
2022-04-13 16:05:26,033  INFO MarketService:39 - 接收到报文:FRUIT_DELETE
2022-04-13 16:05:26,033  INFO MarketService:40 - 接收到信息:007
2022-04-13 16:05:26,034  INFO MarketDao:89 - dao中成功删除水果,Id:007 索引为:5
2022-04-13 16:05:26,035  INFO MarketService:123 - Service中删除,id为007的水果,结果为:true
2022-04-13 16:05:27,554  INFO MarketService:39 - 接收到报文:FRUIT_FINDALL
2022-04-13 16:05:27,554  INFO MarketService:40 - 接收到信息:find
2022-04-13 16:05:27,554  INFO MarketService:140 - Service中查看,查看集合元素个数为:5
2022-04-13 16:06:03,449  INFO MarketService:39 - 接收到报文:FRUIT_CHECK_ID
2022-04-13 16:06:03,450  INFO MarketService:40 - 接收到信息:007
2022-04-13 16:06:03,450  INFO MarketService:103 - Service中查询id是否存在,007号的索引为-1
2022-04-13 16:06:27,807  INFO MarketService:39 - 接收到报文:FRUIT_ADD
2022-04-13 16:06:27,809  INFO MarketService:40 - 接收到信息:007,葡萄,23,个,13
2022-04-13 16:06:27,811  INFO MarketDao:70 - dao中添加完成,集合中元素个数为:6
2022-04-13 16:06:27,811  INFO MarketService:157 - Service中添加:007,葡萄,23,个,13
2022-04-13 16:06:37,527  INFO MarketService:39 - 接收到报文:FRUIT_FINDALL
2022-04-13 16:06:37,527  INFO MarketService:40 - 接收到信息:find
2022-04-13 16:06:37,527  INFO MarketService:140 - Service中查看,查看集合元素个数为:6
2022-04-13 16:06:43,286  INFO MarketService:39 - 接收到报文:FRUIT_FINDALL
2022-04-13 16:06:43,286  INFO MarketService:40 - 接收到信息:find
2022-04-13 16:06:43,286  INFO MarketService:140 - Service中查看,查看集合元素个数为:6
2022-04-13 16:06:43,291  INFO MarketService:39 - 接收到报文:FRUIT_FINDALL
2022-04-13 16:06:43,291  INFO MarketService:40 - 接收到信息:find
2022-04-13 16:06:43,291  INFO MarketService:140 - Service中查看,查看集合元素个数为:6
2022-04-13 16:07:20,857  INFO MarketService:39 - 接收到报文:FRUIT_BUY
2022-04-13 16:07:20,858  INFO MarketService:40 - 接收到信息:1,0,0,0,0,0,
2022-04-13 16:07:20,858  INFO MarketService:77 - Service中接受到更新库存请求,被买走的水果数量(依次):1,0,0,0,0,0,
2022-04-13 16:07:20,874  INFO MarketDao:153 - dao中水果库存更新完毕,水果个数为:6
2022-04-13 16:07:38,080  INFO MarketService:39 - 接收到报文:FRUIT_FINDALL
2022-04-13 16:07:38,081  INFO MarketService:40 - 接收到信息:find
2022-04-13 16:07:38,081  INFO MarketService:140 - Service中查看,查看集合元素个数为:6
2022-04-13 16:07:52,297  INFO MarketService:39 - 接收到报文:FRUIT_FINDALL
2022-04-13 16:07:52,298  INFO MarketService:40 - 接收到信息:find
2022-04-13 16:07:52,298  INFO MarketService:140 - Service中查看,查看集合元素个数为:6
2022-04-13 16:07:52,305  INFO MarketService:39 - 接收到报文:FRUIT_FINDALL
2022-04-13 16:07:52,306  INFO MarketService:40 - 接收到信息:find
2022-04-13 16:07:52,306  INFO MarketService:140 - Service中查看,查看集合元素个数为:6
2022-04-13 16:08:35,000  INFO MarketService:39 - 接收到报文:FRUIT_BUY
2022-04-13 16:08:35,000  INFO MarketService:40 - 接收到信息:17,0,0,2,0,0,
2022-04-13 16:08:35,000  INFO MarketService:77 - Service中接受到更新库存请求,被买走的水果数量(依次):17,0,0,2,0,0,
2022-04-13 16:08:35,003  INFO MarketDao:153 - dao中水果库存更新完毕,水果个数为:5
2022-04-13 16:08:55,815  INFO MarketService:39 - 接收到报文:FRUIT_FINDALL
2022-04-13 16:08:55,816  INFO MarketService:40 - 接收到信息:find
2022-04-13 16:08:55,816  INFO MarketService:140 - Service中查看,查看集合元素个数为:5
2022-04-13 20:02:55,300  INFO MarketDao:18 - ================loading==============
2022-04-13 20:02:55,420  INFO MarketDao:20 - ================加载完成==============
2022-04-13 20:02:55,427  INFO MarketService:39 - 接收到报文:ADMIN_CHECK
2022-04-13 20:02:55,427  INFO MarketService:40 - 接收到信息:123=123
2022-04-13 20:03:04,959  INFO MarketService:39 - 接收到报文:FRUIT_CHECK_ID
2022-04-13 20:03:04,960  INFO MarketService:40 - 接收到信息:001
2022-04-13 20:03:04,960  INFO MarketService:103 - Service中查询id是否存在,001号的索引为1
2022-04-13 20:03:08,405  INFO MarketService:39 - 接收到报文:FRUIT_FINDALL
2022-04-13 20:03:08,406  INFO MarketService:40 - 接收到信息:find
2022-04-13 20:03:08,406  INFO MarketService:140 - Service中查看,查看集合元素个数为:5
2022-04-13 20:03:14,215  INFO MarketService:39 - 接收到报文:FRUIT_CHECK_ID
2022-04-13 20:03:14,215  INFO MarketService:40 - 接收到信息:007
2022-04-13 20:03:14,216  INFO MarketService:103 - Service中查询id是否存在,007号的索引为4
2022-04-13 20:03:20,697  INFO MarketService:39 - 接收到报文:FRUIT_CHECK_ID
2022-04-13 20:03:20,698  INFO MarketService:40 - 接收到信息:009
2022-04-13 20:03:20,698  INFO MarketService:103 - Service中查询id是否存在,009号的索引为-1
2022-04-13 20:03:45,537  INFO MarketService:39 - 接收到报文:FRUIT_ADD
2022-04-13 20:03:45,538  INFO MarketService:40 - 接收到信息:009,火华,12,12,12
2022-04-13 20:03:45,541  INFO MarketDao:70 - dao中添加完成,集合中元素个数为:6
2022-04-13 20:03:45,542  INFO MarketService:157 - Service中添加:009,火华,12,12,12
2022-04-13 20:04:00,741  INFO MarketService:39 - 接收到报文:ADMIN_CHECK
2022-04-13 20:04:00,742  INFO MarketService:40 - 接收到信息:123=123
2022-04-13 20:04:09,310  INFO MarketService:39 - 接收到报文:FRUIT_FINDALL
2022-04-13 20:04:09,312  INFO MarketService:40 - 接收到信息:find
2022-04-13 20:04:09,312  INFO MarketService:140 - Service中查看,查看集合元素个数为:6
2022-04-13 20:04:25,768  INFO MarketService:39 - 接收到报文:FRUIT_FINDALL
2022-04-13 20:04:25,772  INFO MarketService:40 - 接收到信息:find
2022-04-13 20:04:25,772  INFO MarketService:140 - Service中查看,查看集合元素个数为:6
2022-04-13 20:05:42,525  INFO MarketService:39 - 接收到报文:FRUIT_CHECK_ID
2022-04-13 20:05:42,525  INFO MarketService:40 - 接收到信息:001
2022-04-13 20:05:42,526  INFO MarketService:103 - Service中查询id是否存在,001号的索引为1
2022-04-13 20:05:46,871  INFO MarketService:39 - 接收到报文:FRUIT_UPDATE
2022-04-13 20:05:46,872  INFO MarketService:40 - 接收到信息:001,123,123,123,123
2022-04-13 20:05:46,873  INFO MarketDao:127 - dao中成功更新水果:001,123,123,123,123
2022-04-13 20:05:46,874  INFO MarketService:86 - Service中更新,水果方法接收到:001,123,123,123,123
2022-04-13 20:06:18,993  INFO MarketService:39 - 接收到报文:FRUIT_FINDALL
2022-04-13 20:06:18,993  INFO MarketService:40 - 接收到信息:find
2022-04-13 20:06:18,993  INFO MarketService:140 - Service中查看,查看集合元素个数为:6
2022-04-13 20:06:28,868  INFO MarketService:39 - 接收到报文:FRUIT_FINDALL
2022-04-13 20:06:28,868  INFO MarketService:40 - 接收到信息:find
2022-04-13 20:06:28,869  INFO MarketService:140 - Service中查看,查看集合元素个数为:6
2022-04-13 20:06:30,226  INFO MarketService:39 - 接收到报文:FRUIT_FINDALL
2022-04-13 20:06:30,226  INFO MarketService:40 - 接收到信息:find
2022-04-13 20:06:30,227  INFO MarketService:140 - Service中查看,查看集合元素个数为:6
2022-04-13 20:06:30,230  INFO MarketService:39 - 接收到报文:FRUIT_FINDALL
2022-04-13 20:06:30,231  INFO MarketService:40 - 接收到信息:find
2022-04-13 20:06:30,231  INFO MarketService:140 - Service中查看,查看集合元素个数为:6
2022-04-13 20:07:00,842  INFO MarketService:39 - 接收到报文:FRUIT_BUY
2022-04-13 20:07:00,845  INFO MarketService:40 - 接收到信息:1,0,0,0,0,0,
2022-04-13 20:07:00,845  INFO MarketService:77 - Service中接受到更新库存请求,被买走的水果数量(依次):1,0,0,0,0,0,
2022-04-13 20:07:00,861  INFO MarketDao:153 - dao中水果库存更新完毕,水果个数为:6
2022-04-13 20:07:41,652  INFO MarketService:39 - 接收到报文:FRUIT_FINDALL
2022-04-13 20:07:41,653  INFO MarketService:40 - 接收到信息:find
2022-04-13 20:07:41,653  INFO MarketService:140 - Service中查看,查看集合元素个数为:6
2022-04-13 20:07:41,660  INFO MarketService:39 - 接收到报文:FRUIT_FINDALL
2022-04-13 20:07:41,661  INFO MarketService:40 - 接收到信息:find
2022-04-13 20:07:41,661  INFO MarketService:140 - Service中查看,查看集合元素个数为:6
2022-04-13 20:08:01,135  INFO MarketService:39 - 接收到报文:FRUIT_BUY
2022-04-13 20:08:01,136  INFO MarketService:40 - 接收到信息:5,13,2,2,2,2,
2022-04-13 20:08:01,136  INFO MarketService:77 - Service中接受到更新库存请求,被买走的水果数量(依次):5,13,2,2,2,2,
2022-04-13 20:08:01,138  INFO MarketDao:153 - dao中水果库存更新完毕,水果个数为:6
